# JRE version: 7.0_13-b20
# Java VM: Java HotSpot(TM) 64-Bit Server VM (23.7-b01 mixed mode linux-amd64 compressed oops)
Heap
 PSYoungGen      total 86784K, used 3347K [0x00000000faab0000, 0x00000000fffe0000, 0x0000000100000000)
  eden space 86464K, 3% used [0x00000000faab0000,0x00000000fadf4d90,0x00000000fff20000)
  from space 320K, 0% used [0x00000000fff90000,0x00000000fff90000,0x00000000fffe0000)
  to   space 384K, 0% used [0x00000000fff20000,0x00000000fff20000,0x00000000fff80000)
 ParOldGen       total 174784K, used 152364K [0x00000000f0000000, 0x00000000faab0000, 0x00000000faab0000)
  object space 174784K, 87% used [0x00000000f0000000,0x00000000f94cb270,0x00000000faab0000)
 PSPermGen       total 21248K, used 7551K [0x00000000eae00000, 0x00000000ec2c0000, 0x00000000f0000000)
  object space 21248K, 35% used [0x00000000eae00000,0x00000000eb55ff88,0x00000000ec2c0000)
GC Heap History (10 events):
Event: 10.150 GC heap before
{Heap before GC invocations=72 (full 30):
 PSYoungGen      total 86720K, used 0K [0x00000000faab0000, 0x00000000fffe0000, 0x0000000100000000)
  eden space 86336K, 0% used [0x00000000faab0000,0x00000000faab0000,0x00000000fff00000)
  from space 384K, 0% used [0x00000000fff80000,0x00000000fff80000,0x00000000fffe0000)
  to   space 448K, 0% used [0x00000000fff00000,0x00000000fff00000,0x00000000fff70000)
 ParOldGen       total 174784K, used 1254K [0x00000000f0000000, 0x00000000faab0000, 0x00000000faab0000)
  object space 174784K, 0% used [0x00000000f0000000,0x00000000f0139aa0,0x00000000faab0000)
 PSPermGen       total 21248K, used 7544K [0x00000000eae00000, 0x00000000ec2c0000, 0x00000000f0000000)
  object space 21248K, 35% used [0x00000000eae00000,0x00000000eb55e3a0,0x00000000ec2c0000)
Event: 10.159 GC heap after
Heap after GC invocations=72 (full 30):
 PSYoungGen      total 86720K, used 0K [0x00000000faab0000, 0x00000000fffe0000, 0x0000000100000000)
  eden space 86336K, 0% used [0x00000000faab0000,0x00000000faab0000,0x00000000fff00000)
  from space 384K, 0% used [0x00000000fff80000,0x00000000fff80000,0x00000000fffe0000)
  to   space 448K, 0% used [0x00000000fff00000,0x00000000fff00000,0x00000000fff70000)
 ParOldGen       total 130112K, used 1254K [0x00000000f0000000, 0x00000000f7f10000, 0x00000000faab0000)
  object space 130112K, 0% used [0x00000000f0000000,0x00000000f0139840,0x00000000f7f10000)
 PSPermGen       total 21248K, used 7544K [0x00000000eae00000, 0x00000000ec2c0000, 0x00000000f0000000)
  object space 21248K, 35% used [0x00000000eae00000,0x00000000eb55e3a0,0x00000000ec2c0000)
}
Event: 10.640 GC heap before
{Heap before GC invocations=73 (full 30):
 PSYoungGen      total 86720K, used 1615K [0x00000000faab0000, 0x00000000fffe0000, 0x0000000100000000)
  eden space 86336K, 1% used [0x00000000faab0000,0x00000000fac43e98,0x00000000fff00000)
  from space 384K, 0% used [0x00000000fff80000,0x00000000fff80000,0x00000000fffe0000)
  to   space 448K, 0% used [0x00000000fff00000,0x00000000fff00000,0x00000000fff70000)
 ParOldGen       total 174784K, used 152364K [0x00000000f0000000, 0x00000000faab0000, 0x00000000faab0000)
  object space 174784K, 87% used [0x00000000f0000000,0x00000000f94cb050,0x00000000faab0000)
 PSPermGen       total 21248K, used 7545K [0x00000000eae00000, 0x00000000ec2c0000, 0x00000000f0000000)
  object space 21248K, 35% used [0x00000000eae00000,0x00000000eb55e560,0x00000000ec2c0000)
Event: 10.642 GC heap after
Heap after GC invocations=73 (full 30):
 PSYoungGen      total 86784K, used 64K [0x00000000faab0000, 0x0000000100000000, 0x0000000100000000)
  eden space 86336K, 0% used [0x00000000faab0000,0x00000000faab0000,0x00000000fff00000)
  from space 448K, 14% used [0x00000000fff00000,0x00000000fff10000,0x00000000fff70000)
  to   space 448K, 0% used [0x00000000fff90000,0x00000000fff90000,0x0000000100000000)
 ParOldGen       total 174784K, used 152364K [0x00000000f0000000, 0x00000000faab0000, 0x00000000faab0000)
  object space 174784K, 87% used [0x00000000f0000000,0x00000000f94cb050,0x00000000faab0000)
 PSPermGen       total 21248K, used 7545K [0x00000000eae00000, 0x00000000ec2c0000, 0x00000000f0000000)
  object space 21248K, 35% used [0x00000000eae00000,0x00000000eb55e560,0x00000000ec2c0000)
}
Event: 10.642 GC heap before
{Heap before GC invocations=74 (full 31):
 PSYoungGen      total 86784K, used 64K [0x00000000faab0000, 0x0000000100000000, 0x0000000100000000)
  eden space 86336K, 0% used [0x00000000faab0000,0x00000000faab0000,0x00000000fff00000)
  from space 448K, 14% used [0x00000000fff00000,0x00000000fff10000,0x00000000fff70000)
  to   space 448K, 0% used [0x00000000fff90000,0x00000000fff90000,0x0000000100000000)
 ParOldGen       total 174784K, used 152364K [0x00000000f0000000, 0x00000000faab0000, 0x00000000faab0000)
  object space 174784K, 87% used [0x00000000f0000000,0x00000000f94cb050,0x00000000faab0000)
 PSPermGen       total 21248K, used 7545K [0x00000000eae00000, 0x00000000ec2c0000, 0x00000000f0000000)
  object space 21248K, 35% used [0x00000000eae00000,0x00000000eb55e560,0x00000000ec2c0000)
Event: 10.674 GC heap after
Heap after GC invocations=74 (full 31):
 PSYoungGen      total 86784K, used 0K [0x00000000faab0000, 0x0000000100000000, 0x0000000100000000)
  eden space 86336K, 0% used [0x00000000faab0000,0x00000000faab0000,0x00000000fff00000)
  from space 448K, 0% used [0x00000000fff00000,0x00000000fff00000,0x00000000fff70000)
  to   space 448K, 0% used [0x00000000fff90000,0x00000000fff90000,0x0000000100000000)
 ParOldGen       total 174784K, used 152364K [0x00000000f0000000, 0x00000000faab0000, 0x00000000faab0000)
  object space 174784K, 87% used [0x00000000f0000000,0x00000000f94cb320,0x00000000faab0000)
 PSPermGen       total 21248K, used 7545K [0x00000000eae00000, 0x00000000ec2c0000, 0x00000000f0000000)
  object space 21248K, 35% used [0x00000000eae00000,0x00000000eb55e560,0x00000000ec2c0000)
}
Event: 10.674 GC heap before
{Heap before GC invocations=75 (full 31):
 PSYoungGen      total 86784K, used 0K [0x00000000faab0000, 0x0000000100000000, 0x0000000100000000)
  eden space 86336K, 0% used [0x00000000faab0000,0x00000000faab0000,0x00000000fff00000)
  from space 448K, 0% used [0x00000000fff00000,0x00000000fff00000,0x00000000fff70000)
  to   space 448K, 0% used [0x00000000fff90000,0x00000000fff90000,0x0000000100000000)
 ParOldGen       total 174784K, used 152364K [0x00000000f0000000, 0x00000000faab0000, 0x00000000faab0000)
  object space 174784K, 87% used [0x00000000f0000000,0x00000000f94cb320,0x00000000faab0000)
 PSPermGen       total 21248K, used 7545K [0x00000000eae00000, 0x00000000ec2c0000, 0x00000000f0000000)
  object space 21248K, 35% used [0x00000000eae00000,0x00000000eb55e560,0x00000000ec2c0000)
Event: 10.675 GC heap after
Heap after GC invocations=75 (full 31):
 PSYoungGen      total 86784K, used 0K [0x00000000faab0000, 0x00000000fffe0000, 0x0000000100000000)
  eden space 86464K, 0% used [0x00000000faab0000,0x00000000faab0000,0x00000000fff20000)
  from space 320K, 0% used [0x00000000fff90000,0x00000000fff90000,0x00000000fffe0000)
  to   space 384K, 0% used [0x00000000fff20000,0x00000000fff20000,0x00000000fff80000)
 ParOldGen       total 174784K, used 152364K [0x00000000f0000000, 0x00000000faab0000, 0x00000000faab0000)
  object space 174784K, 87% used [0x00000000f0000000,0x00000000f94cb320,0x00000000faab0000)
 PSPermGen       total 21248K, used 7545K [0x00000000eae00000, 0x00000000ec2c0000, 0x00000000f0000000)
  object space 21248K, 35% used [0x00000000eae00000,0x00000000eb55e560,0x00000000ec2c0000)
}
Event: 10.675 GC heap before
{Heap before GC invocations=76 (full 32):
 PSYoungGen      total 86784K, used 0K [0x00000000faab0000, 0x00000000fffe0000, 0x0000000100000000)
  eden space 86464K, 0% used [0x00000000faab0000,0x00000000faab0000,0x00000000fff20000)
  from space 320K, 0% used [0x00000000fff90000,0x00000000fff90000,0x00000000fffe0000)
  to   space 384K, 0% used [0x00000000fff20000,0x00000000fff20000,0x00000000fff80000)
 ParOldGen       total 174784K, used 152364K [0x00000000f0000000, 0x00000000faab0000, 0x00000000faab0000)
  object space 174784K, 87% used [0x00000000f0000000,0x00000000f94cb320,0x00000000faab0000)
 PSPermGen       total 21248K, used 7545K [0x00000000eae00000, 0x00000000ec2c0000, 0x00000000f0000000)
  object space 21248K, 35% used [0x00000000eae00000,0x00000000eb55e560,0x00000000ec2c0000)
Event: 10.685 GC heap after
Heap after GC invocations=76 (full 32):
 PSYoungGen      total 86784K, used 0K [0x00000000faab0000, 0x00000000fffe0000, 0x0000000100000000)
  eden space 86464K, 0% used [0x00000000faab0000,0x00000000faab0000,0x00000000fff20000)
  from space 320K, 0% used [0x00000000fff90000,0x00000000fff90000,0x00000000fffe0000)
  to   space 384K, 0% used [0x00000000fff20000,0x00000000fff20000,0x00000000fff80000)
 ParOldGen       total 174784K, used 152364K [0x00000000f0000000, 0x00000000faab0000, 0x00000000faab0000)
  object space 174784K, 87% used [0x00000000f0000000,0x00000000f94cb270,0x00000000faab0000)
 PSPermGen       total 21248K, used 7545K [0x00000000eae00000, 0x00000000ec2c0000, 0x00000000f0000000)
  object space 21248K, 35% used [0x00000000eae00000,0x00000000eb55e560,0x00000000ec2c0000)
}

